<?xml version="1.0" encoding="UTF-8"?>
<testsuite name="agh.ics.oop.project1.utils.ArrayUtilsTest" tests="2" skipped="0" failures="0" errors="0" timestamp="2023-01-02T16:12:57" hostname="JAKUBNOTEBOOK" time="0.102">
  <properties/>
  <testcase name="testConcatVar()" classname="agh.ics.oop.project1.utils.ArrayUtilsTest" time="0.093"/>
  <testcase name="testConcat()" classname="agh.ics.oop.project1.utils.ArrayUtilsTest" time="0.003"/>
  <system-out><![CDATA[Testing ArrayUtils.concatVar(int[], int[], double, boolean)
Testing ArrayUtils.concat(int[], int[])
]]></system-out>
  <system-err><![CDATA[]]></system-err>
</testsuite>
