<?xml version="1.0" encoding="UTF-8"?>
<testsuite name="agh.ics.oop.GrassFieldTest" tests="4" skipped="0" failures="0" errors="0" timestamp="2022-11-19T18:10:47" hostname="SZARYCOMPUTER" time="0.044">
  <properties/>
  <testcase name="testPlace()" classname="agh.ics.oop.GrassFieldTest" time="0.033"/>
  <testcase name="testIsOccupied()" classname="agh.ics.oop.GrassFieldTest" time="0.001"/>
  <testcase name="testCanMoveTo()" classname="agh.ics.oop.GrassFieldTest" time="0.001"/>
  <testcase name="testObjectAt()" classname="agh.ics.oop.GrassFieldTest" time="0.007"/>
  <system-out><![CDATA[Sprawdzam metodę GrassField.place()
Sprawdzam metodę GrassField.isOccupied()
Sprawdzam metodę GrassField.canMoveTo()
Sprawdzam metodę GrassField.objectAt()
]]></system-out>
  <system-err><![CDATA[]]></system-err>
</testsuite>
