<?xml version="1.0" encoding="UTF-8"?>
<testsuite name="agh.ics.oop.AnimalTest" tests="1" skipped="0" failures="0" errors="0" timestamp="2022-10-21T21:33:46" hostname="SZARYCOMPUTER" time="0.026">
  <properties/>
  <testcase name="testMove()" classname="agh.ics.oop.AnimalTest" time="0.026"/>
  <system-out><![CDATA[Sprawdzam pozycjÄ™ z metody Animal.move()
]]></system-out>
  <system-err><![CDATA[]]></system-err>
</testsuite>
