<?xml version="1.0" encoding="UTF-8"?>
<testsuite name="agh.ics.oop.Vector2dTest" tests="9" skipped="0" failures="0" errors="0" timestamp="2022-10-21T18:35:35" hostname="SZARYCOMPUTER" time="0.067">
  <properties/>
  <testcase name="testAdd()" classname="agh.ics.oop.Vector2dTest" time="0.029"/>
  <testcase name="testSubtract()" classname="agh.ics.oop.Vector2dTest" time="0.0"/>
  <testcase name="testFollows()" classname="agh.ics.oop.Vector2dTest" time="0.007"/>
  <testcase name="testToString()" classname="agh.ics.oop.Vector2dTest" time="0.011"/>
  <testcase name="testPrecedes()" classname="agh.ics.oop.Vector2dTest" time="0.005"/>
  <testcase name="testLowerLeft()" classname="agh.ics.oop.Vector2dTest" time="0.001"/>
  <testcase name="testOpposite()" classname="agh.ics.oop.Vector2dTest" time="0.002"/>
  <testcase name="testEquals()" classname="agh.ics.oop.Vector2dTest" time="0.004"/>
  <testcase name="testUpperRight()" classname="agh.ics.oop.Vector2dTest" time="0.002"/>
  <system-out><![CDATA[Sprawdzam metodÄ™ Vector2d.add()
Sprawdzam metodÄ™ Vector2d.subtract()
Sprawdzam metodÄ™ Vector2d.follows()
Sprawdzam metodÄ™ Vector2d.toString()
Sprawdzam metodÄ™ Vector2d.precedes()
Sprawdzam metodÄ™ Vector2d.lowerLeft()
Sprawdzam metodÄ™ Vector2d.opposite()
Sprawdzam metodÄ™ Vector2d.equals()
Sprawdzam metodÄ™ Vector2d.upperRight()
]]></system-out>
  <system-err><![CDATA[]]></system-err>
</testsuite>
