<?xml version="1.0" encoding="UTF-8"?>
<testsuite name="agh.ics.oop.RectangularMapTest" tests="4" skipped="0" failures="0" errors="0" timestamp="2022-11-13T23:32:01" hostname="SZARYCOMPUTER" time="0.048">
  <properties/>
  <testcase name="testPlace()" classname="agh.ics.oop.RectangularMapTest" time="0.038"/>
  <testcase name="testIsOccupied()" classname="agh.ics.oop.RectangularMapTest" time="0.001"/>
  <testcase name="testCanMoveTo()" classname="agh.ics.oop.RectangularMapTest" time="0.001"/>
  <testcase name="testObjectAt()" classname="agh.ics.oop.RectangularMapTest" time="0.005"/>
  <system-out><![CDATA[Sprawdzam metodę RectangularMap.place()
Sprawdzam metodę RectangularMap.isOccupied()
Sprawdzam metodę RectangularMap.canMoveTo()
Sprawdzam metodę RectangularMap.objectAt()
]]></system-out>
  <system-err><![CDATA[]]></system-err>
</testsuite>
