<?xml version="1.0" encoding="UTF-8"?>
<testsuite name="agh.ics.oop.EngineTest" tests="1" skipped="0" failures="0" errors="0" timestamp="2022-11-21T09:48:43" hostname="SZARYCOMPUTER" time="0.042">
  <properties/>
  <testcase name="testEngine()" classname="agh.ics.oop.EngineTest" time="0.042"/>
  <system-out><![CDATA[Sprawdzam silnik
]]></system-out>
  <system-err><![CDATA[]]></system-err>
</testsuite>
