<?xml version="1.0" encoding="UTF-8"?>
<testsuite name="agh.ics.oop.MapDirectionTest" tests="2" skipped="0" failures="0" errors="0" timestamp="2022-10-11T09:42:33" hostname="JAKUBNOTEBOOK" time="0.032">
  <properties/>
  <testcase name="testNext()" classname="agh.ics.oop.MapDirectionTest" time="0.03"/>
  <testcase name="testPrevious()" classname="agh.ics.oop.MapDirectionTest" time="0.001"/>
  <system-out><![CDATA[Sprawdzam metodÄ™ MapDirection.next()
Sprawdzam metodÄ™ MapDirection.previous()
]]></system-out>
  <system-err><![CDATA[]]></system-err>
</testsuite>
